[debug] [2025-09-03T10:56:21.719Z] ----------------------------------------------------------------------
[debug] [2025-09-03T10:56:21.722Z] Command:       C:\Program Files\nodejs\node.exe C:\Users\adarsh.goyal\AppData\Roaming\npm\node_modules\firebase-tools\lib\bin\firebase.js init
[debug] [2025-09-03T10:56:21.723Z] CLI Version:   14.15.1
[debug] [2025-09-03T10:56:21.723Z] Platform:      win32
[debug] [2025-09-03T10:56:21.723Z] Node Version:  v22.17.1
[debug] [2025-09-03T10:56:21.723Z] Time:          Wed Sep 03 2025 16:26:21 GMT+0530 (India Standard Time)
[debug] [2025-09-03T10:56:21.724Z] ----------------------------------------------------------------------
[debug] 
[debug] [2025-09-03T10:56:21.729Z] > command requires scopes: ["email","openid","https://www.googleapis.com/auth/cloudplatformprojects.readonly","https://www.googleapis.com/auth/firebase","https://www.googleapis.com/auth/cloud-platform"]
[debug] [2025-09-03T10:56:21.729Z] > authorizing via signed-in user (adarshg315@gmail.com)
[info] 
     ######## #### ########  ######## ########     ###     ######  ########
     ##        ##  ##     ## ##       ##     ##  ##   ##  ##       ##
     ######    ##  ########  ######   ########  #########  ######  ######
     ##        ##  ##    ##  ##       ##     ## ##     ##       ## ##
     ##       #### ##     ## ######## ########  ##     ##  ######  ########

You're about to initialize a Firebase project in this directory:

  C:\Users\adarsh.goyal\personal-projects\meal-planner

[debug] [2025-09-03T10:58:41.489Z] ExitPromptError: User force closed the prompt with SIGINT
    at Interface.sigint (C:\Users\adarsh.goyal\AppData\Roaming\npm\node_modules\firebase-tools\node_modules\@inquirer\core\dist\commonjs\lib\create-prompt.js:101:37)
    at Interface.emit (node:events:518:28)
    at Interface.emit (node:domain:489:12)
    at [_ttyWrite] [as _ttyWrite] (node:internal/readline/interface:1132:18)
    at ReadStream.onkeypress (node:internal/readline/interface:271:20)
    at ReadStream.emit (node:events:530:35)
    at ReadStream.emit (node:domain:489:12)
    at emitKeys (node:internal/readline/utils:370:14)
    at emitKeys.next (<anonymous>)
    at ReadStream.onData (node:internal/readline/emitKeypressEvents:64:36)
[error] 
[error] Error: An unexpected error has occurred.
